# JRE version: Java(TM) SE Runtime Environment (8.0_66-b18) (build 1.8.0_66-b18)
# Java VM: Java HotSpot(TM) 64-Bit Server VM (25.66-b18 mixed mode windows-amd64 compressed oops)
Heap:
 PSYoungGen      total 396800K, used 163344K [0x00000000d5580000, 0x00000000f3300000, 0x0000000100000000)
  eden space 309760K, 51% used [0x00000000d5580000,0x00000000df1a4058,0x00000000e8400000)
  from space 87040K, 3% used [0x00000000edd00000,0x00000000ee060270,0x00000000f3200000)
  to   space 89600K, 0% used [0x00000000e8400000,0x00000000e8400000,0x00000000edb80000)
 ParOldGen       total 335360K, used 241357K [0x0000000080000000, 0x0000000094780000, 0x00000000d5580000)
  object space 335360K, 71% used [0x0000000080000000,0x000000008ebb34f8,0x0000000094780000)
 Metaspace       used 68988K, capacity 72224K, committed 72280K, reserved 1112064K
  class space    used 8761K, capacity 9331K, committed 9344K, reserved 1048576K
GC Heap History (10 events):
Event: 52.713 GC heap before
{Heap before GC invocations=22 (full 4):
 PSYoungGen      total 321024K, used 321007K [0x00000000d5580000, 0x00000000f3200000, 0x0000000100000000)
  eden space 250368K, 100% used [0x00000000d5580000,0x00000000e4a00000,0x00000000e4a00000)
  from space 70656K, 99% used [0x00000000e4a00000,0x00000000e8efbc88,0x00000000e8f00000)
  to   space 87040K, 0% used [0x00000000edd00000,0x00000000edd00000,0x00000000f3200000)
 ParOldGen       total 335360K, used 177335K [0x0000000080000000, 0x0000000094780000, 0x00000000d5580000)
  object space 335360K, 52% used [0x0000000080000000,0x000000008ad2de90,0x0000000094780000)
 Metaspace       used 65993K, capacity 68540K, committed 68824K, reserved 1110016K
  class space    used 8486K, capacity 8935K, committed 8960K, reserved 1048576K
Event: 52.768 GC heap after
Heap after GC invocations=22 (full 4):
 PSYoungGen      total 396800K, used 53896K [0x00000000d5580000, 0x00000000f3300000, 0x0000000100000000)
  eden space 309760K, 0% used [0x00000000d5580000,0x00000000d5580000,0x00000000e8400000)
  from space 87040K, 61% used [0x00000000edd00000,0x00000000f11a22e0,0x00000000f3200000)
  to   space 89600K, 0% used [0x00000000e8400000,0x00000000e8400000,0x00000000edb80000)
 ParOldGen       total 335360K, used 192267K [0x0000000080000000, 0x0000000094780000, 0x00000000d5580000)
  object space 335360K, 57% used [0x0000000080000000,0x000000008bbc2f68,0x0000000094780000)
 Metaspace       used 65993K, capacity 68540K, committed 68824K, reserved 1110016K
  class space    used 8486K, capacity 8935K, committed 8960K, reserved 1048576K
}
Event: 52.823 GC heap before
{Heap before GC invocations=23 (full 4):
 PSYoungGen      total 396800K, used 363060K [0x00000000d5580000, 0x00000000f3300000, 0x0000000100000000)
  eden space 309760K, 99% used [0x00000000d5580000,0x00000000e836afa8,0x00000000e8400000)
  from space 87040K, 61% used [0x00000000edd00000,0x00000000f11a22e0,0x00000000f3200000)
  to   space 89600K, 0% used [0x00000000e8400000,0x00000000e8400000,0x00000000edb80000)
 ParOldGen       total 335360K, used 192267K [0x0000000080000000, 0x0000000094780000, 0x00000000d5580000)
  object space 335360K, 57% used [0x0000000080000000,0x000000008bbc2f68,0x0000000094780000)
 Metaspace       used 66030K, capacity 68562K, committed 68824K, reserved 1110016K
  class space    used 8493K, capacity 8942K, committed 8960K, reserved 1048576K
Event: 52.860 GC heap after
Heap after GC invocations=23 (full 4):
 PSYoungGen      total 399360K, used 18096K [0x00000000d5580000, 0x00000000f3300000, 0x0000000100000000)
  eden space 309760K, 0% used [0x00000000d5580000,0x00000000d5580000,0x00000000e8400000)
  from space 89600K, 20% used [0x00000000e8400000,0x00000000e95ac3c0,0x00000000edb80000)
  to   space 87040K, 0% used [0x00000000edd00000,0x00000000edd00000,0x00000000f3200000)
 ParOldGen       total 335360K, used 223673K [0x0000000080000000, 0x0000000094780000, 0x00000000d5580000)
  object space 335360K, 66% used [0x0000000080000000,0x000000008da6e770,0x0000000094780000)
 Metaspace       used 66030K, capacity 68562K, committed 68824K, reserved 1110016K
  class space    used 8493K, capacity 8942K, committed 8960K, reserved 1048576K
}
Event: 52.927 GC heap before
{Heap before GC invocations=24 (full 4):
 PSYoungGen      total 399360K, used 327856K [0x00000000d5580000, 0x00000000f3300000, 0x0000000100000000)
  eden space 309760K, 100% used [0x00000000d5580000,0x00000000e8400000,0x00000000e8400000)
  from space 89600K, 20% used [0x00000000e8400000,0x00000000e95ac3c0,0x00000000edb80000)
  to   space 87040K, 0% used [0x00000000edd00000,0x00000000edd00000,0x00000000f3200000)
 ParOldGen       total 335360K, used 223673K [0x0000000080000000, 0x0000000094780000, 0x00000000d5580000)
  object space 335360K, 66% used [0x0000000080000000,0x000000008da6e770,0x0000000094780000)
 Metaspace       used 66033K, capacity 68562K, committed 68824K, reserved 1110016K
  class space    used 8493K, capacity 8942K, committed 8960K, reserved 1048576K
Event: 52.943 GC heap after
Heap after GC invocations=24 (full 4):
 PSYoungGen      total 396800K, used 128K [0x00000000d5580000, 0x00000000f3300000, 0x0000000100000000)
  eden space 309760K, 0% used [0x00000000d5580000,0x00000000d5580000,0x00000000e8400000)
  from space 87040K, 0% used [0x00000000edd00000,0x00000000edd20000,0x00000000f3200000)
  to   space 89600K, 0% used [0x00000000e8400000,0x00000000e8400000,0x00000000edb80000)
 ParOldGen       total 335360K, used 241285K [0x0000000080000000, 0x0000000094780000, 0x00000000d5580000)
  object space 335360K, 71% used [0x0000000080000000,0x000000008eba14f8,0x0000000094780000)
 Metaspace       used 66033K, capacity 68562K, committed 68824K, reserved 1110016K
  class space    used 8493K, capacity 8942K, committed 8960K, reserved 1048576K
}
Event: 53.012 GC heap before
{Heap before GC invocations=25 (full 4):
 PSYoungGen      total 396800K, used 308905K [0x00000000d5580000, 0x00000000f3300000, 0x0000000100000000)
  eden space 309760K, 99% used [0x00000000d5580000,0x00000000e830a650,0x00000000e8400000)
  from space 87040K, 0% used [0x00000000edd00000,0x00000000edd20000,0x00000000f3200000)
  to   space 89600K, 0% used [0x00000000e8400000,0x00000000e8400000,0x00000000edb80000)
 ParOldGen       total 335360K, used 241285K [0x0000000080000000, 0x0000000094780000, 0x00000000d5580000)
  object space 335360K, 71% used [0x0000000080000000,0x000000008eba14f8,0x0000000094780000)
 Metaspace       used 66033K, capacity 68562K, committed 68824K, reserved 1110016K
  class space    used 8493K, capacity 8942K, committed 8960K, reserved 1048576K
Event: 53.015 GC heap after
Heap after GC invocations=25 (full 4):
 PSYoungGen      total 399360K, used 128K [0x00000000d5580000, 0x00000000f3300000, 0x0000000100000000)
  eden space 309760K, 0% used [0x00000000d5580000,0x00000000d5580000,0x00000000e8400000)
  from space 89600K, 0% used [0x00000000e8400000,0x00000000e8420000,0x00000000edb80000)
  to   space 87040K, 0% used [0x00000000edd00000,0x00000000edd00000,0x00000000f3200000)
 ParOldGen       total 335360K, used 241325K [0x0000000080000000, 0x0000000094780000, 0x00000000d5580000)
  object space 335360K, 71% used [0x0000000080000000,0x000000008ebab4f8,0x0000000094780000)
 Metaspace       used 66033K, capacity 68562K, committed 68824K, reserved 1110016K
  class space    used 8493K, capacity 8942K, committed 8960K, reserved 1048576K
}
Event: 130.940 GC heap before
{Heap before GC invocations=26 (full 4):
 PSYoungGen      total 399360K, used 309888K [0x00000000d5580000, 0x00000000f3300000, 0x0000000100000000)
  eden space 309760K, 100% used [0x00000000d5580000,0x00000000e8400000,0x00000000e8400000)
  from space 89600K, 0% used [0x00000000e8400000,0x00000000e8420000,0x00000000edb80000)
  to   space 87040K, 0% used [0x00000000edd00000,0x00000000edd00000,0x00000000f3200000)
 ParOldGen       total 335360K, used 241325K [0x0000000080000000, 0x0000000094780000, 0x00000000d5580000)
  object space 335360K, 71% used [0x0000000080000000,0x000000008ebab4f8,0x0000000094780000)
 Metaspace       used 67939K, capacity 70580K, committed 70872K, reserved 1112064K
  class space    used 8658K, capacity 9169K, committed 9216K, reserved 1048576K
Event: 130.948 GC heap after
Heap after GC invocations=26 (full 4):
 PSYoungGen      total 396800K, used 3456K [0x00000000d5580000, 0x00000000f3300000, 0x0000000100000000)
  eden space 309760K, 0% used [0x00000000d5580000,0x00000000d5580000,0x00000000e8400000)
  from space 87040K, 3% used [0x00000000edd00000,0x00000000ee060270,0x00000000f3200000)
  to   space 89600K, 0% used [0x00000000e8400000,0x00000000e8400000,0x00000000edb80000)
 ParOldGen       total 335360K, used 241357K [0x0000000080000000, 0x0000000094780000, 0x00000000d5580000)
  object space 335360K, 71% used [0x0000000080000000,0x000000008ebb34f8,0x0000000094780000)
 Metaspace       used 67939K, capacity 70580K, committed 70872K, reserved 1112064K
  class space    used 8658K, capacity 9169K, committed 9216K, reserved 1048576K
}

