# JRE version: Java(TM) SE Runtime Environment (8.0_66-b18) (build 1.8.0_66-b18)
# Java VM: Java HotSpot(TM) 64-Bit Server VM (25.66-b18 mixed mode windows-amd64 compressed oops)
Heap:
 PSYoungGen      total 475648K, used 424514K [0x00000000d5580000, 0x00000000fe380000, 0x0000000100000000)
  eden space 426496K, 88% used [0x00000000d5580000,0x00000000ec418148,0x00000000ef600000)
  from space 49152K, 99% used [0x00000000ef600000,0x00000000f25f8998,0x00000000f2600000)
  to   space 72192K, 0% used [0x00000000f9d00000,0x00000000f9d00000,0x00000000fe380000)
 ParOldGen       total 171520K, used 124793K [0x0000000080000000, 0x000000008a780000, 0x00000000d5580000)
  object space 171520K, 72% used [0x0000000080000000,0x00000000879de400,0x000000008a780000)
 Metaspace       used 70722K, capacity 74814K, committed 74968K, reserved 1114112K
  class space    used 9165K, capacity 9932K, committed 9984K, reserved 1048576K
GC Heap History (10 events):
Event: 80.223 GC heap before
{Heap before GC invocations=16 (full 3):
 PSYoungGen      total 241152K, used 213504K [0x00000000d5580000, 0x00000000e7780000, 0x0000000100000000)
  eden space 213504K, 100% used [0x00000000d5580000,0x00000000e2600000,0x00000000e2600000)
  from space 27648K, 0% used [0x00000000e4380000,0x00000000e4380000,0x00000000e5e80000)
  to   space 30208K, 0% used [0x00000000e2600000,0x00000000e2600000,0x00000000e4380000)
 ParOldGen       total 171520K, used 59275K [0x0000000080000000, 0x000000008a780000, 0x00000000d5580000)
  object space 171520K, 34% used [0x0000000080000000,0x00000000839e2fe8,0x000000008a780000)
 Metaspace       used 59814K, capacity 63118K, committed 63320K, reserved 1103872K
  class space    used 8092K, capacity 8786K, committed 8832K, reserved 1048576K
Event: 80.243 GC heap after
Heap after GC invocations=16 (full 3):
 PSYoungGen      total 243712K, used 22302K [0x00000000d5580000, 0x00000000ec880000, 0x0000000100000000)
  eden space 213504K, 0% used [0x00000000d5580000,0x00000000d5580000,0x00000000e2600000)
  from space 30208K, 73% used [0x00000000e2600000,0x00000000e3bc7bd0,0x00000000e4380000)
  to   space 31744K, 0% used [0x00000000ea980000,0x00000000ea980000,0x00000000ec880000)
 ParOldGen       total 171520K, used 59283K [0x0000000080000000, 0x000000008a780000, 0x00000000d5580000)
  object space 171520K, 34% used [0x0000000080000000,0x00000000839e4fe8,0x000000008a780000)
 Metaspace       used 59814K, capacity 63118K, committed 63320K, reserved 1103872K
  class space    used 8092K, capacity 8786K, committed 8832K, reserved 1048576K
}
Event: 109.820 GC heap before
{Heap before GC invocations=17 (full 3):
 PSYoungGen      total 243712K, used 235806K [0x00000000d5580000, 0x00000000ec880000, 0x0000000100000000)
  eden space 213504K, 100% used [0x00000000d5580000,0x00000000e2600000,0x00000000e2600000)
  from space 30208K, 73% used [0x00000000e2600000,0x00000000e3bc7bd0,0x00000000e4380000)
  to   space 31744K, 0% used [0x00000000ea980000,0x00000000ea980000,0x00000000ec880000)
 ParOldGen       total 171520K, used 59283K [0x0000000080000000, 0x000000008a780000, 0x00000000d5580000)
  object space 171520K, 34% used [0x0000000080000000,0x00000000839e4fe8,0x000000008a780000)
 Metaspace       used 61011K, capacity 64718K, committed 64984K, reserved 1105920K
  class space    used 8217K, capacity 8946K, committed 8960K, reserved 1048576K
Event: 109.850 GC heap after
Heap after GC invocations=17 (full 3):
 PSYoungGen      total 340992K, used 31730K [0x00000000d5580000, 0x00000000ed000000, 0x0000000100000000)
  eden space 309248K, 0% used [0x00000000d5580000,0x00000000d5580000,0x00000000e8380000)
  from space 31744K, 99% used [0x00000000ea980000,0x00000000ec87c9d0,0x00000000ec880000)
  to   space 38912K, 0% used [0x00000000e8380000,0x00000000e8380000,0x00000000ea980000)
 ParOldGen       total 171520K, used 66719K [0x0000000080000000, 0x000000008a780000, 0x00000000d5580000)
  object space 171520K, 38% used [0x0000000080000000,0x0000000084127fd8,0x000000008a780000)
 Metaspace       used 61011K, capacity 64718K, committed 64984K, reserved 1105920K
  class space    used 8217K, capacity 8946K, committed 8960K, reserved 1048576K
}
Event: 1016.669 GC heap before
{Heap before GC invocations=18 (full 3):
 PSYoungGen      total 340992K, used 340978K [0x00000000d5580000, 0x00000000ed000000, 0x0000000100000000)
  eden space 309248K, 100% used [0x00000000d5580000,0x00000000e8380000,0x00000000e8380000)
  from space 31744K, 99% used [0x00000000ea980000,0x00000000ec87c9d0,0x00000000ec880000)
  to   space 38912K, 0% used [0x00000000e8380000,0x00000000e8380000,0x00000000ea980000)
 ParOldGen       total 171520K, used 66719K [0x0000000080000000, 0x000000008a780000, 0x00000000d5580000)
  object space 171520K, 38% used [0x0000000080000000,0x0000000084127fd8,0x000000008a780000)
 Metaspace       used 62703K, capacity 66490K, committed 66776K, reserved 1107968K
  class space    used 8379K, capacity 9124K, committed 9216K, reserved 1048576K
Event: 1016.692 GC heap after
Heap after GC invocations=18 (full 3):
 PSYoungGen      total 348160K, used 19981K [0x00000000d5580000, 0x00000000f4b00000, 0x0000000100000000)
  eden space 309248K, 0% used [0x00000000d5580000,0x00000000d5580000,0x00000000e8380000)
  from space 38912K, 51% used [0x00000000e8380000,0x00000000e9703500,0x00000000ea980000)
  to   space 37888K, 0% used [0x00000000f2600000,0x00000000f2600000,0x00000000f4b00000)
 ParOldGen       total 171520K, used 66727K [0x0000000080000000, 0x000000008a780000, 0x00000000d5580000)
  object space 171520K, 38% used [0x0000000080000000,0x0000000084129fd8,0x000000008a780000)
 Metaspace       used 62703K, capacity 66490K, committed 66776K, reserved 1107968K
  class space    used 8379K, capacity 9124K, committed 9216K, reserved 1048576K
}
Event: 1037.882 GC heap before
{Heap before GC invocations=19 (full 3):
 PSYoungGen      total 348160K, used 329229K [0x00000000d5580000, 0x00000000f4b00000, 0x0000000100000000)
  eden space 309248K, 100% used [0x00000000d5580000,0x00000000e8380000,0x00000000e8380000)
  from space 38912K, 51% used [0x00000000e8380000,0x00000000e9703500,0x00000000ea980000)
  to   space 37888K, 0% used [0x00000000f2600000,0x00000000f2600000,0x00000000f4b00000)
 ParOldGen       total 171520K, used 66727K [0x0000000080000000, 0x000000008a780000, 0x00000000d5580000)
  object space 171520K, 38% used [0x0000000080000000,0x0000000084129fd8,0x000000008a780000)
 Metaspace       used 63341K, capacity 67496K, committed 67544K, reserved 1107968K
  class space    used 8432K, capacity 9215K, committed 9216K, reserved 1048576K
Event: 1037.925 GC heap after
Heap after GC invocations=19 (full 3):
 PSYoungGen      total 464384K, used 37870K [0x00000000d5580000, 0x00000000f5680000, 0x0000000100000000)
  eden space 426496K, 0% used [0x00000000d5580000,0x00000000d5580000,0x00000000ef600000)
  from space 37888K, 99% used [0x00000000f2600000,0x00000000f4afb8c0,0x00000000f4b00000)
  to   space 49152K, 0% used [0x00000000ef600000,0x00000000ef600000,0x00000000f2600000)
 ParOldGen       total 171520K, used 82627K [0x0000000080000000, 0x000000008a780000, 0x00000000d5580000)
  object space 171520K, 48% used [0x0000000080000000,0x00000000850b0e48,0x000000008a780000)
 Metaspace       used 63341K, capacity 67496K, committed 67544K, reserved 1107968K
  class space    used 8432K, capacity 9215K, committed 9216K, reserved 1048576K
}
Event: 1085.744 GC heap before
{Heap before GC invocations=20 (full 3):
 PSYoungGen      total 464384K, used 464366K [0x00000000d5580000, 0x00000000f5680000, 0x0000000100000000)
  eden space 426496K, 100% used [0x00000000d5580000,0x00000000ef600000,0x00000000ef600000)
  from space 37888K, 99% used [0x00000000f2600000,0x00000000f4afb8c0,0x00000000f4b00000)
  to   space 49152K, 0% used [0x00000000ef600000,0x00000000ef600000,0x00000000f2600000)
 ParOldGen       total 171520K, used 82627K [0x0000000080000000, 0x000000008a780000, 0x00000000d5580000)
  object space 171520K, 48% used [0x0000000080000000,0x00000000850b0e48,0x000000008a780000)
 Metaspace       used 68606K, capacity 72824K, committed 73048K, reserved 1112064K
  class space    used 9024K, capacity 9803K, committed 9856K, reserved 1048576K
Event: 1085.866 GC heap after
Heap after GC invocations=20 (full 3):
 PSYoungGen      total 475648K, used 49122K [0x00000000d5580000, 0x00000000fe380000, 0x0000000100000000)
  eden space 426496K, 0% used [0x00000000d5580000,0x00000000d5580000,0x00000000ef600000)
  from space 49152K, 99% used [0x00000000ef600000,0x00000000f25f8998,0x00000000f2600000)
  to   space 72192K, 0% used [0x00000000f9d00000,0x00000000f9d00000,0x00000000fe380000)
 ParOldGen       total 171520K, used 124793K [0x0000000080000000, 0x000000008a780000, 0x00000000d5580000)
  object space 171520K, 72% used [0x0000000080000000,0x00000000879de400,0x000000008a780000)
 Metaspace       used 68606K, capacity 72824K, committed 73048K, reserved 1112064K
  class space    used 9024K, capacity 9803K, committed 9856K, reserved 1048576K
}

