# JRE version: Java(TM) SE Runtime Environment (8.0_66-b18) (build 1.8.0_66-b18)
# Java VM: Java HotSpot(TM) 64-Bit Server VM (25.66-b18 mixed mode windows-amd64 compressed oops)
Heap:
 PSYoungGen      total 405504K, used 58777K [0x00000000d5580000, 0x00000000f3680000, 0x0000000100000000)
  eden space 318464K, 13% used [0x00000000d5580000,0x00000000d7f753d8,0x00000000e8c80000)
  from space 87040K, 18% used [0x00000000e8c80000,0x00000000e9bf1080,0x00000000ee180000)
  to   space 79360K, 0% used [0x00000000ee900000,0x00000000ee900000,0x00000000f3680000)
 ParOldGen       total 275968K, used 176245K [0x0000000080000000, 0x0000000090d80000, 0x00000000d5580000)
  object space 275968K, 63% used [0x0000000080000000,0x000000008ac1d798,0x0000000090d80000)
 Metaspace       used 83037K, capacity 88620K, committed 88920K, reserved 1126400K
  class space    used 10635K, capacity 11557K, committed 11648K, reserved 1048576K
GC Heap History (10 events):
Event: 1814.087 GC heap before
{Heap before GC invocations=84 (full 12):
 PSYoungGen      total 405504K, used 382976K [0x00000000d5580000, 0x00000000f3680000, 0x0000000100000000)
  eden space 318464K, 100% used [0x00000000d5580000,0x00000000e8c80000,0x00000000e8c80000)
  from space 87040K, 74% used [0x00000000e8c80000,0x00000000ecb80000,0x00000000ee180000)
  to   space 79360K, 0% used [0x00000000ee900000,0x00000000ee900000,0x00000000f3680000)
 ParOldGen       total 227840K, used 126367K [0x0000000080000000, 0x000000008de80000, 0x00000000d5580000)
  object space 227840K, 55% used [0x0000000080000000,0x0000000087b67e28,0x000000008de80000)
 Metaspace       used 81942K, capacity 87384K, committed 87768K, reserved 1126400K
  class space    used 10509K, capacity 11403K, committed 11520K, reserved 1048576K
Event: 1814.142 GC heap after
Heap after GC invocations=84 (full 12):
 PSYoungGen      total 397824K, used 9621K [0x00000000d5580000, 0x00000000f3680000, 0x0000000100000000)
  eden space 318464K, 0% used [0x00000000d5580000,0x00000000d5580000,0x00000000e8c80000)
  from space 79360K, 12% used [0x00000000ee900000,0x00000000ef265458,0x00000000f3680000)
  to   space 87040K, 0% used [0x00000000e8c80000,0x00000000e8c80000,0x00000000ee180000)
 ParOldGen       total 227840K, used 178275K [0x0000000080000000, 0x000000008de80000, 0x00000000d5580000)
  object space 227840K, 78% used [0x0000000080000000,0x000000008ae18df8,0x000000008de80000)
 Metaspace       used 81942K, capacity 87384K, committed 87768K, reserved 1126400K
  class space    used 10509K, capacity 11403K, committed 11520K, reserved 1048576K
}
Event: 1814.142 GC heap before
{Heap before GC invocations=85 (full 13):
 PSYoungGen      total 397824K, used 9621K [0x00000000d5580000, 0x00000000f3680000, 0x0000000100000000)
  eden space 318464K, 0% used [0x00000000d5580000,0x00000000d5580000,0x00000000e8c80000)
  from space 79360K, 12% used [0x00000000ee900000,0x00000000ef265458,0x00000000f3680000)
  to   space 87040K, 0% used [0x00000000e8c80000,0x00000000e8c80000,0x00000000ee180000)
 ParOldGen       total 227840K, used 178275K [0x0000000080000000, 0x000000008de80000, 0x00000000d5580000)
  object space 227840K, 78% used [0x0000000080000000,0x000000008ae18df8,0x000000008de80000)
 Metaspace       used 81942K, capacity 87384K, committed 87768K, reserved 1126400K
  class space    used 10509K, capacity 11403K, committed 11520K, reserved 1048576K
Event: 1814.275 GC heap after
Heap after GC invocations=85 (full 13):
 PSYoungGen      total 397824K, used 0K [0x00000000d5580000, 0x00000000f3680000, 0x0000000100000000)
  eden space 318464K, 0% used [0x00000000d5580000,0x00000000d5580000,0x00000000e8c80000)
  from space 79360K, 0% used [0x00000000ee900000,0x00000000ee900000,0x00000000f3680000)
  to   space 87040K, 0% used [0x00000000e8c80000,0x00000000e8c80000,0x00000000ee180000)
 ParOldGen       total 275968K, used 72239K [0x0000000080000000, 0x0000000090d80000, 0x00000000d5580000)
  object space 275968K, 26% used [0x0000000080000000,0x000000008468bc90,0x0000000090d80000)
 Metaspace       used 81942K, capacity 87384K, committed 87768K, reserved 1126400K
  class space    used 10509K, capacity 11403K, committed 11520K, reserved 1048576K
}
Event: 1825.054 GC heap before
{Heap before GC invocations=86 (full 13):
 PSYoungGen      total 397824K, used 318464K [0x00000000d5580000, 0x00000000f3680000, 0x0000000100000000)
  eden space 318464K, 100% used [0x00000000d5580000,0x00000000e8c80000,0x00000000e8c80000)
  from space 79360K, 0% used [0x00000000ee900000,0x00000000ee900000,0x00000000f3680000)
  to   space 87040K, 0% used [0x00000000e8c80000,0x00000000e8c80000,0x00000000ee180000)
 ParOldGen       total 275968K, used 72239K [0x0000000080000000, 0x0000000090d80000, 0x00000000d5580000)
  object space 275968K, 26% used [0x0000000080000000,0x000000008468bc90,0x0000000090d80000)
 Metaspace       used 82122K, capacity 87610K, committed 87768K, reserved 1126400K
  class space    used 10518K, capacity 11418K, committed 11520K, reserved 1048576K
Event: 1825.111 GC heap after
Heap after GC invocations=86 (full 13):
 PSYoungGen      total 405504K, used 87029K [0x00000000d5580000, 0x00000000f3680000, 0x0000000100000000)
  eden space 318464K, 0% used [0x00000000d5580000,0x00000000d5580000,0x00000000e8c80000)
  from space 87040K, 99% used [0x00000000e8c80000,0x00000000ee17d428,0x00000000ee180000)
  to   space 79360K, 0% used [0x00000000ee900000,0x00000000ee900000,0x00000000f3680000)
 ParOldGen       total 275968K, used 82738K [0x0000000080000000, 0x0000000090d80000, 0x00000000d5580000)
  object space 275968K, 29% used [0x0000000080000000,0x00000000850cc878,0x0000000090d80000)
 Metaspace       used 82122K, capacity 87610K, committed 87768K, reserved 1126400K
  class space    used 10518K, capacity 11418K, committed 11520K, reserved 1048576K
}
Event: 1825.568 GC heap before
{Heap before GC invocations=87 (full 13):
 PSYoungGen      total 405504K, used 405493K [0x00000000d5580000, 0x00000000f3680000, 0x0000000100000000)
  eden space 318464K, 100% used [0x00000000d5580000,0x00000000e8c80000,0x00000000e8c80000)
  from space 87040K, 99% used [0x00000000e8c80000,0x00000000ee17d428,0x00000000ee180000)
  to   space 79360K, 0% used [0x00000000ee900000,0x00000000ee900000,0x00000000f3680000)
 ParOldGen       total 275968K, used 82738K [0x0000000080000000, 0x0000000090d80000, 0x00000000d5580000)
  object space 275968K, 29% used [0x0000000080000000,0x00000000850cc878,0x0000000090d80000)
 Metaspace       used 82128K, capacity 87610K, committed 87768K, reserved 1126400K
  class space    used 10518K, capacity 11418K, committed 11520K, reserved 1048576K
Event: 1825.636 GC heap after
Heap after GC invocations=87 (full 13):
 PSYoungGen      total 397824K, used 31168K [0x00000000d5580000, 0x00000000f3680000, 0x0000000100000000)
  eden space 318464K, 0% used [0x00000000d5580000,0x00000000d5580000,0x00000000e8c80000)
  from space 79360K, 39% used [0x00000000ee900000,0x00000000f0770000,0x00000000f3680000)
  to   space 87040K, 0% used [0x00000000e8c80000,0x00000000e8c80000,0x00000000ee180000)
 ParOldGen       total 275968K, used 155429K [0x0000000080000000, 0x0000000090d80000, 0x00000000d5580000)
  object space 275968K, 56% used [0x0000000080000000,0x00000000897c9428,0x0000000090d80000)
 Metaspace       used 82128K, capacity 87610K, committed 87768K, reserved 1126400K
  class space    used 10518K, capacity 11418K, committed 11520K, reserved 1048576K
}
Event: 1874.653 GC heap before
{Heap before GC invocations=88 (full 13):
 PSYoungGen      total 397824K, used 349632K [0x00000000d5580000, 0x00000000f3680000, 0x0000000100000000)
  eden space 318464K, 100% used [0x00000000d5580000,0x00000000e8c80000,0x00000000e8c80000)
  from space 79360K, 39% used [0x00000000ee900000,0x00000000f0770000,0x00000000f3680000)
  to   space 87040K, 0% used [0x00000000e8c80000,0x00000000e8c80000,0x00000000ee180000)
 ParOldGen       total 275968K, used 155429K [0x0000000080000000, 0x0000000090d80000, 0x00000000d5580000)
  object space 275968K, 56% used [0x0000000080000000,0x00000000897c9428,0x0000000090d80000)
 Metaspace       used 82297K, capacity 87852K, committed 88024K, reserved 1126400K
  class space    used 10530K, capacity 11429K, committed 11520K, reserved 1048576K
Event: 1874.700 GC heap after
Heap after GC invocations=88 (full 13):
 PSYoungGen      total 405504K, used 15812K [0x00000000d5580000, 0x00000000f3680000, 0x0000000100000000)
  eden space 318464K, 0% used [0x00000000d5580000,0x00000000d5580000,0x00000000e8c80000)
  from space 87040K, 18% used [0x00000000e8c80000,0x00000000e9bf1080,0x00000000ee180000)
  to   space 79360K, 0% used [0x00000000ee900000,0x00000000ee900000,0x00000000f3680000)
 ParOldGen       total 275968K, used 176245K [0x0000000080000000, 0x0000000090d80000, 0x00000000d5580000)
  object space 275968K, 63% used [0x0000000080000000,0x000000008ac1d798,0x0000000090d80000)
 Metaspace       used 82297K, capacity 87852K, committed 88024K, reserved 1126400K
  class space    used 10530K, capacity 11429K, committed 11520K, reserved 1048576K
}

