# JRE version: Java(TM) SE Runtime Environment (8.0_66-b18) (build 1.8.0_66-b18)
# Java VM: Java HotSpot(TM) 64-Bit Server VM (25.66-b18 mixed mode windows-amd64 compressed oops)
Heap:
 PSYoungGen      total 349696K, used 178577K [0x00000000d5580000, 0x00000000f4900000, 0x0000000100000000)
  eden space 231424K, 47% used [0x00000000d5580000,0x00000000dc027e20,0x00000000e3780000)
  from space 118272K, 58% used [0x00000000e3780000,0x00000000e7b3c740,0x00000000eab00000)
  to   space 118784K, 0% used [0x00000000ed500000,0x00000000ed500000,0x00000000f4900000)
 ParOldGen       total 189440K, used 114643K [0x0000000080000000, 0x000000008b900000, 0x00000000d5580000)
  object space 189440K, 60% used [0x0000000080000000,0x0000000086ff4e30,0x000000008b900000)
 Metaspace       used 79426K, capacity 84847K, committed 84952K, reserved 1122304K
  class space    used 10272K, capacity 11193K, committed 11224K, reserved 1048576K
GC Heap History (10 events):
Event: 446.545 GC heap before
{Heap before GC invocations=32 (full 4):
 PSYoungGen      total 298496K, used 83448K [0x00000000d5580000, 0x00000000f2880000, 0x0000000100000000)
  eden space 215040K, 0% used [0x00000000d5580000,0x00000000d5580000,0x00000000e2780000)
  from space 83456K, 99% used [0x00000000e9400000,0x00000000ee57e108,0x00000000ee580000)
  to   space 111104K, 0% used [0x00000000e2780000,0x00000000e2780000,0x00000000e9400000)
 ParOldGen       total 189440K, used 164923K [0x0000000080000000, 0x000000008b900000, 0x00000000d5580000)
  object space 189440K, 87% used [0x0000000080000000,0x000000008a10ec50,0x000000008b900000)
 Metaspace       used 77596K, capacity 82931K, committed 83160K, reserved 1122304K
  class space    used 10005K, capacity 10923K, committed 10968K, reserved 1048576K
Event: 447.149 GC heap after
Heap after GC invocations=32 (full 4):
 PSYoungGen      total 298496K, used 10601K [0x00000000d5580000, 0x00000000f2880000, 0x0000000100000000)
  eden space 215040K, 0% used [0x00000000d5580000,0x00000000d5580000,0x00000000e2780000)
  from space 83456K, 12% used [0x00000000e9400000,0x00000000e9e5a790,0x00000000ee580000)
  to   space 111104K, 0% used [0x00000000e2780000,0x00000000e2780000,0x00000000e9400000)
 ParOldGen       total 189440K, used 189035K [0x0000000080000000, 0x000000008b900000, 0x00000000d5580000)
  object space 189440K, 99% used [0x0000000080000000,0x000000008b89acc8,0x000000008b900000)
 Metaspace       used 77522K, capacity 82763K, committed 83160K, reserved 1122304K
  class space    used 9985K, capacity 10875K, committed 10968K, reserved 1048576K
}
Event: 452.055 GC heap before
{Heap before GC invocations=33 (full 5):
 PSYoungGen      total 298496K, used 225641K [0x00000000d5580000, 0x00000000f2880000, 0x0000000100000000)
  eden space 215040K, 100% used [0x00000000d5580000,0x00000000e2780000,0x00000000e2780000)
  from space 83456K, 12% used [0x00000000e9400000,0x00000000e9e5a790,0x00000000ee580000)
  to   space 111104K, 0% used [0x00000000e2780000,0x00000000e2780000,0x00000000e9400000)
 ParOldGen       total 189440K, used 189035K [0x0000000080000000, 0x000000008b900000, 0x00000000d5580000)
  object space 189440K, 99% used [0x0000000080000000,0x000000008b89acc8,0x000000008b900000)
 Metaspace       used 78725K, capacity 84037K, committed 84312K, reserved 1122304K
  class space    used 10132K, capacity 11040K, committed 11096K, reserved 1048576K
Event: 452.294 GC heap after
Heap after GC invocations=33 (full 5):
 PSYoungGen      total 298496K, used 0K [0x00000000d5580000, 0x00000000f2880000, 0x0000000100000000)
  eden space 215040K, 0% used [0x00000000d5580000,0x00000000d5580000,0x00000000e2780000)
  from space 83456K, 0% used [0x00000000e9400000,0x00000000e9400000,0x00000000ee580000)
  to   space 111104K, 0% used [0x00000000e2780000,0x00000000e2780000,0x00000000e9400000)
 ParOldGen       total 189440K, used 114619K [0x0000000080000000, 0x000000008b900000, 0x00000000d5580000)
  object space 189440K, 60% used [0x0000000080000000,0x0000000086feee30,0x000000008b900000)
 Metaspace       used 78091K, capacity 83379K, committed 84312K, reserved 1122304K
  class space    used 10066K, capacity 10967K, committed 11096K, reserved 1048576K
}
Event: 453.143 GC heap before
{Heap before GC invocations=34 (full 5):
 PSYoungGen      total 298496K, used 215040K [0x00000000d5580000, 0x00000000f2880000, 0x0000000100000000)
  eden space 215040K, 100% used [0x00000000d5580000,0x00000000e2780000,0x00000000e2780000)
  from space 83456K, 0% used [0x00000000e9400000,0x00000000e9400000,0x00000000ee580000)
  to   space 111104K, 0% used [0x00000000e2780000,0x00000000e2780000,0x00000000e9400000)
 ParOldGen       total 189440K, used 114619K [0x0000000080000000, 0x000000008b900000, 0x00000000d5580000)
  object space 189440K, 60% used [0x0000000080000000,0x0000000086feee30,0x000000008b900000)
 Metaspace       used 78325K, capacity 83603K, committed 84312K, reserved 1122304K
  class space    used 10097K, capacity 10999K, committed 11096K, reserved 1048576K
Event: 453.184 GC heap after
Heap after GC invocations=34 (full 5):
 PSYoungGen      total 326144K, used 66304K [0x00000000d5580000, 0x00000000f1980000, 0x0000000100000000)
  eden space 215040K, 0% used [0x00000000d5580000,0x00000000d5580000,0x00000000e2780000)
  from space 111104K, 59% used [0x00000000e2780000,0x00000000e6840000,0x00000000e9400000)
  to   space 113152K, 0% used [0x00000000eab00000,0x00000000eab00000,0x00000000f1980000)
 ParOldGen       total 189440K, used 114627K [0x0000000080000000, 0x000000008b900000, 0x00000000d5580000)
  object space 189440K, 60% used [0x0000000080000000,0x0000000086ff0e30,0x000000008b900000)
 Metaspace       used 78325K, capacity 83603K, committed 84312K, reserved 1122304K
  class space    used 10097K, capacity 10999K, committed 11096K, reserved 1048576K
}
Event: 453.461 GC heap before
{Heap before GC invocations=35 (full 5):
 PSYoungGen      total 326144K, used 281344K [0x00000000d5580000, 0x00000000f1980000, 0x0000000100000000)
  eden space 215040K, 100% used [0x00000000d5580000,0x00000000e2780000,0x00000000e2780000)
  from space 111104K, 59% used [0x00000000e2780000,0x00000000e6840000,0x00000000e9400000)
  to   space 113152K, 0% used [0x00000000eab00000,0x00000000eab00000,0x00000000f1980000)
 ParOldGen       total 189440K, used 114627K [0x0000000080000000, 0x000000008b900000, 0x00000000d5580000)
  object space 189440K, 60% used [0x0000000080000000,0x0000000086ff0e30,0x000000008b900000)
 Metaspace       used 78326K, capacity 83603K, committed 84312K, reserved 1122304K
  class space    used 10097K, capacity 10999K, committed 11096K, reserved 1048576K
Event: 453.514 GC heap after
Heap after GC invocations=35 (full 5):
 PSYoungGen      total 344576K, used 77042K [0x00000000d5580000, 0x00000000f3880000, 0x0000000100000000)
  eden space 231424K, 0% used [0x00000000d5580000,0x00000000d5580000,0x00000000e3780000)
  from space 113152K, 68% used [0x00000000eab00000,0x00000000ef63cbc8,0x00000000f1980000)
  to   space 118272K, 0% used [0x00000000e3780000,0x00000000e3780000,0x00000000eab00000)
 ParOldGen       total 189440K, used 114635K [0x0000000080000000, 0x000000008b900000, 0x00000000d5580000)
  object space 189440K, 60% used [0x0000000080000000,0x0000000086ff2e30,0x000000008b900000)
 Metaspace       used 78326K, capacity 83603K, committed 84312K, reserved 1122304K
  class space    used 10097K, capacity 10999K, committed 11096K, reserved 1048576K
}
Event: 469.763 GC heap before
{Heap before GC invocations=36 (full 5):
 PSYoungGen      total 344576K, used 308466K [0x00000000d5580000, 0x00000000f3880000, 0x0000000100000000)
  eden space 231424K, 100% used [0x00000000d5580000,0x00000000e3780000,0x00000000e3780000)
  from space 113152K, 68% used [0x00000000eab00000,0x00000000ef63cbc8,0x00000000f1980000)
  to   space 118272K, 0% used [0x00000000e3780000,0x00000000e3780000,0x00000000eab00000)
 ParOldGen       total 189440K, used 114635K [0x0000000080000000, 0x000000008b900000, 0x00000000d5580000)
  object space 189440K, 60% used [0x0000000080000000,0x0000000086ff2e30,0x000000008b900000)
 Metaspace       used 79321K, capacity 84693K, committed 84952K, reserved 1122304K
  class space    used 10267K, capacity 11190K, committed 11224K, reserved 1048576K
Event: 469.806 GC heap after
Heap after GC invocations=36 (full 5):
 PSYoungGen      total 349696K, used 69361K [0x00000000d5580000, 0x00000000f4900000, 0x0000000100000000)
  eden space 231424K, 0% used [0x00000000d5580000,0x00000000d5580000,0x00000000e3780000)
  from space 118272K, 58% used [0x00000000e3780000,0x00000000e7b3c740,0x00000000eab00000)
  to   space 118784K, 0% used [0x00000000ed500000,0x00000000ed500000,0x00000000f4900000)
 ParOldGen       total 189440K, used 114643K [0x0000000080000000, 0x000000008b900000, 0x00000000d5580000)
  object space 189440K, 60% used [0x0000000080000000,0x0000000086ff4e30,0x000000008b900000)
 Metaspace       used 79321K, capacity 84693K, committed 84952K, reserved 1122304K
  class space    used 10267K, capacity 11190K, committed 11224K, reserved 1048576K
}

