# JRE version: OpenJDK Runtime Environment (8.0_152-b01) (build 1.8.0_152-release-915-b01)
# Java VM: OpenJDK 64-Bit Server VM (25.152-b01 mixed mode windows-amd64 compressed oops)
Heap:
 PSYoungGen      total 289280K, used 250880K [0x00000000d5580000, 0x00000000e9d80000, 0x0000000100000000)
  eden space 250880K, 100% used [0x00000000d5580000,0x00000000e4a80000,0x00000000e4a80000)
  from space 38400K, 0% used [0x00000000e4a80000,0x00000000e4a80000,0x00000000e7000000)
  to   space 30208K, 0% used [0x00000000e7000000,0x00000000e7000000,0x00000000e8d80000)
 ParOldGen       total 96768K, used 96657K [0x0000000080000000, 0x0000000085e80000, 0x00000000d5580000)
  object space 96768K, 99% used [0x0000000080000000,0x0000000085e64660,0x0000000085e80000)
 Metaspace       used 6671K, capacity 7352K, committed 7552K, reserved 1056768K
  class space    used 613K, capacity 624K, committed 640K, reserved 1048576K
GC Heap History (10 events):
Event: 20.440 GC heap before
{Heap before GC invocations=38 (full 28):
 PSYoungGen      total 289280K, used 250880K [0x00000000d5580000, 0x00000000e9d80000, 0x0000000100000000)
  eden space 250880K, 100% used [0x00000000d5580000,0x00000000e4a80000,0x00000000e4a80000)
  from space 38400K, 0% used [0x00000000e4a80000,0x00000000e4a80000,0x00000000e7000000)
  to   space 30208K, 0% used [0x00000000e7000000,0x00000000e7000000,0x00000000e8d80000)
 ParOldGen       total 96768K, used 96657K [0x0000000080000000, 0x0000000085e80000, 0x00000000d5580000)
  object space 96768K, 99% used [0x0000000080000000,0x0000000085e646a0,0x0000000085e80000)
 Metaspace       used 6671K, capacity 7352K, committed 7552K, reserved 1056768K
  class space    used 613K, capacity 624K, committed 640K, reserved 1048576K
Event: 20.991 GC heap after
Heap after GC invocations=38 (full 28):
 PSYoungGen      total 289280K, used 243353K [0x00000000d5580000, 0x00000000e9d80000, 0x0000000100000000)
  eden space 250880K, 97% used [0x00000000d5580000,0x00000000e4326760,0x00000000e4a80000)
  from space 38400K, 0% used [0x00000000e4a80000,0x00000000e4a80000,0x00000000e7000000)
  to   space 30208K, 0% used [0x00000000e7000000,0x00000000e7000000,0x00000000e8d80000)
 ParOldGen       total 96768K, used 96657K [0x0000000080000000, 0x0000000085e80000, 0x00000000d5580000)
  object space 96768K, 99% used [0x0000000080000000,0x0000000085e64660,0x0000000085e80000)
 Metaspace       used 6671K, capacity 7352K, committed 7552K, reserved 1056768K
  class space    used 613K, capacity 624K, committed 640K, reserved 1048576K
}
Event: 20.999 GC heap before
{Heap before GC invocations=39 (full 29):
 PSYoungGen      total 289280K, used 250880K [0x00000000d5580000, 0x00000000e9d80000, 0x0000000100000000)
  eden space 250880K, 100% used [0x00000000d5580000,0x00000000e4a80000,0x00000000e4a80000)
  from space 38400K, 0% used [0x00000000e4a80000,0x00000000e4a80000,0x00000000e7000000)
  to   space 30208K, 0% used [0x00000000e7000000,0x00000000e7000000,0x00000000e8d80000)
 ParOldGen       total 96768K, used 96657K [0x0000000080000000, 0x0000000085e80000, 0x00000000d5580000)
  object space 96768K, 99% used [0x0000000080000000,0x0000000085e64660,0x0000000085e80000)
 Metaspace       used 6671K, capacity 7352K, committed 7552K, reserved 1056768K
  class space    used 613K, capacity 624K, committed 640K, reserved 1048576K
Event: 21.346 GC heap after
Heap after GC invocations=39 (full 29):
 PSYoungGen      total 289280K, used 244372K [0x00000000d5580000, 0x00000000e9d80000, 0x0000000100000000)
  eden space 250880K, 97% used [0x00000000d5580000,0x00000000e4425010,0x00000000e4a80000)
  from space 38400K, 0% used [0x00000000e4a80000,0x00000000e4a80000,0x00000000e7000000)
  to   space 30208K, 0% used [0x00000000e7000000,0x00000000e7000000,0x00000000e8d80000)
 ParOldGen       total 96768K, used 96657K [0x0000000080000000, 0x0000000085e80000, 0x00000000d5580000)
  object space 96768K, 99% used [0x0000000080000000,0x0000000085e64660,0x0000000085e80000)
 Metaspace       used 6671K, capacity 7352K, committed 7552K, reserved 1056768K
  class space    used 613K, capacity 624K, committed 640K, reserved 1048576K
}
Event: 21.354 GC heap before
{Heap before GC invocations=40 (full 30):
 PSYoungGen      total 289280K, used 250880K [0x00000000d5580000, 0x00000000e9d80000, 0x0000000100000000)
  eden space 250880K, 100% used [0x00000000d5580000,0x00000000e4a80000,0x00000000e4a80000)
  from space 38400K, 0% used [0x00000000e4a80000,0x00000000e4a80000,0x00000000e7000000)
  to   space 30208K, 0% used [0x00000000e7000000,0x00000000e7000000,0x00000000e8d80000)
 ParOldGen       total 96768K, used 96657K [0x0000000080000000, 0x0000000085e80000, 0x00000000d5580000)
  object space 96768K, 99% used [0x0000000080000000,0x0000000085e64660,0x0000000085e80000)
 Metaspace       used 6671K, capacity 7352K, committed 7552K, reserved 1056768K
  class space    used 613K, capacity 624K, committed 640K, reserved 1048576K
Event: 21.751 GC heap after
Heap after GC invocations=40 (full 30):
 PSYoungGen      total 289280K, used 244879K [0x00000000d5580000, 0x00000000e9d80000, 0x0000000100000000)
  eden space 250880K, 97% used [0x00000000d5580000,0x00000000e44a3c70,0x00000000e4a80000)
  from space 38400K, 0% used [0x00000000e4a80000,0x00000000e4a80000,0x00000000e7000000)
  to   space 30208K, 0% used [0x00000000e7000000,0x00000000e7000000,0x00000000e8d80000)
 ParOldGen       total 96768K, used 96657K [0x0000000080000000, 0x0000000085e80000, 0x00000000d5580000)
  object space 96768K, 99% used [0x0000000080000000,0x0000000085e64660,0x0000000085e80000)
 Metaspace       used 6671K, capacity 7352K, committed 7552K, reserved 1056768K
  class space    used 613K, capacity 624K, committed 640K, reserved 1048576K
}
Event: 21.790 GC heap before
{Heap before GC invocations=41 (full 31):
 PSYoungGen      total 289280K, used 250880K [0x00000000d5580000, 0x00000000e9d80000, 0x0000000100000000)
  eden space 250880K, 100% used [0x00000000d5580000,0x00000000e4a80000,0x00000000e4a80000)
  from space 38400K, 0% used [0x00000000e4a80000,0x00000000e4a80000,0x00000000e7000000)
  to   space 30208K, 0% used [0x00000000e7000000,0x00000000e7000000,0x00000000e8d80000)
 ParOldGen       total 96768K, used 96657K [0x0000000080000000, 0x0000000085e80000, 0x00000000d5580000)
  object space 96768K, 99% used [0x0000000080000000,0x0000000085e64660,0x0000000085e80000)
 Metaspace       used 6671K, capacity 7352K, committed 7552K, reserved 1056768K
  class space    used 613K, capacity 624K, committed 640K, reserved 1048576K
Event: 22.322 GC heap after
Heap after GC invocations=41 (full 31):
 PSYoungGen      total 289280K, used 245821K [0x00000000d5580000, 0x00000000e9d80000, 0x0000000100000000)
  eden space 250880K, 97% used [0x00000000d5580000,0x00000000e458f600,0x00000000e4a80000)
  from space 38400K, 0% used [0x00000000e4a80000,0x00000000e4a80000,0x00000000e7000000)
  to   space 30208K, 0% used [0x00000000e7000000,0x00000000e7000000,0x00000000e8d80000)
 ParOldGen       total 96768K, used 96657K [0x0000000080000000, 0x0000000085e80000, 0x00000000d5580000)
  object space 96768K, 99% used [0x0000000080000000,0x0000000085e64660,0x0000000085e80000)
 Metaspace       used 6671K, capacity 7352K, committed 7552K, reserved 1056768K
  class space    used 613K, capacity 624K, committed 640K, reserved 1048576K
}
Event: 22.399 GC heap before
{Heap before GC invocations=42 (full 32):
 PSYoungGen      total 289280K, used 250880K [0x00000000d5580000, 0x00000000e9d80000, 0x0000000100000000)
  eden space 250880K, 100% used [0x00000000d5580000,0x00000000e4a80000,0x00000000e4a80000)
  from space 38400K, 0% used [0x00000000e4a80000,0x00000000e4a80000,0x00000000e7000000)
  to   space 30208K, 0% used [0x00000000e7000000,0x00000000e7000000,0x00000000e8d80000)
 ParOldGen       total 96768K, used 96657K [0x0000000080000000, 0x0000000085e80000, 0x00000000d5580000)
  object space 96768K, 99% used [0x0000000080000000,0x0000000085e64660,0x0000000085e80000)
 Metaspace       used 6671K, capacity 7352K, committed 7552K, reserved 1056768K
  class space    used 613K, capacity 624K, committed 640K, reserved 1048576K
Event: 22.746 GC heap after
Heap after GC invocations=42 (full 32):
 PSYoungGen      total 289280K, used 246822K [0x00000000d5580000, 0x00000000e9d80000, 0x0000000100000000)
  eden space 250880K, 98% used [0x00000000d5580000,0x00000000e4689870,0x00000000e4a80000)
  from space 38400K, 0% used [0x00000000e4a80000,0x00000000e4a80000,0x00000000e7000000)
  to   space 30208K, 0% used [0x00000000e7000000,0x00000000e7000000,0x00000000e8d80000)
 ParOldGen       total 96768K, used 96657K [0x0000000080000000, 0x0000000085e80000, 0x00000000d5580000)
  object space 96768K, 99% used [0x0000000080000000,0x0000000085e64660,0x0000000085e80000)
 Metaspace       used 6671K, capacity 7352K, committed 7552K, reserved 1056768K
  class space    used 613K, capacity 624K, committed 640K, reserved 1048576K
}

